16:10:10.429 [main                     ] DEBUG Logger               - Configured Logger
16:10:10.498 [main                     ] DEBUG GameApplication      - Logging settings
Title: MC Boulder Dash
Version: 0.0
Width: 600
Height: 600
Fullscreen: false
Intro: false
Profiling: false
Single step:false
App Mode: DEVELOPER
Menu Key: ESCAPE
Stage Style: DECORATED
Scene Factory: class com.almasb.fxgl.app.scene.SceneFactory

16:10:10.974 [JavaFX Application Thread] DEBUG FXGLApplication      - Initializing FXGL
16:10:10.983 [JavaFX Application Thread] INFO  Engine               - FXGL-17.2 (20.08.2022 16.50) on LINUX (J:17.0.8 FX:17.0.6)
16:10:10.983 [JavaFX Application Thread] DEBUG Engine               - JRE Vendor Name: Red Hat, Inc.
16:10:10.984 [JavaFX Application Thread] DEBUG Engine               - Running on OS: Linux version 6.5.7-200.fc38.x86_64
16:10:10.984 [JavaFX Application Thread] DEBUG Engine               - Architecture: amd64
16:10:10.985 [JavaFX Application Thread] INFO  Engine               - Source code and latest versions at: https://github.com/AlmasB/FXGL
16:10:10.985 [JavaFX Application Thread] INFO  Engine               -       Ask questions and discuss at: https://github.com/AlmasB/FXGL/discussions
16:10:10.985 [JavaFX Application Thread] INFO  Engine               -              Join the FXGL chat at: https://gitter.im/AlmasB/FXGL
16:10:11.105 [JavaFX Application Thread] DEBUG PrimaryStageWindow   - Creating a JavaFX scene
16:10:11.234 [JavaFX Application Thread] DEBUG PrimaryStageWindow   - Target settings size: 600.0 x 600.0
16:10:11.234 [JavaFX Application Thread] DEBUG PrimaryStageWindow   - Scaled scene size:    600.0 x 600.0
16:10:11.235 [JavaFX Application Thread] DEBUG PrimaryStageWindow   - Scaled ratio: (1.0, 1.0)
16:10:11.236 [JavaFX Application Thread] DEBUG PrimaryStageWindow   - Set initial scene to FXGLStartupScene
16:10:11.246 [JavaFX Application Thread] DEBUG PrimaryStageWindow   - Opening main window
16:10:11.303 [JavaFX Application Thread] DEBUG PrimaryStageWindow   - Window border size: (2.0, 29.0)
16:10:11.304 [JavaFX Application Thread] DEBUG PrimaryStageWindow   - Scaled size: 600.0 x 600.0
16:10:11.305 [JavaFX Application Thread] DEBUG PrimaryStageWindow   - Scaled ratio: (1.0, 1.0)
16:10:11.305 [JavaFX Application Thread] DEBUG PrimaryStageWindow   - Scene size: 600.0 x 600.0
16:10:11.306 [JavaFX Application Thread] DEBUG PrimaryStageWindow   - Stage size: 602.0 x 629.0
16:10:11.317 [FXGL Background Thread 1 ] DEBUG Engine               - Initializing environment variables
16:10:11.388 [FXGL Background Thread 1 ] DEBUG FXGLAssetLoaderServi - User app class for loading assets: class mcboulderdash.BoulderDashApp
16:10:11.389 [FXGL Background Thread 1 ] DEBUG GameApplicationServi - Applying CSS: fxgl_dark.css
16:10:11.391 [FXGL Background Thread 1 ] DEBUG FXGLAssetLoaderServi - Loading from file system: jar:file:///home/katussska/.m2/repository/com/github/almasb/fxgl/17.2/fxgl-17.2.jar!/fxglassets/ui/css/fxgl_dark.css
16:10:11.469 [FXGL Background Thread 1 ] DEBUG GameApplicationServi - Initializing application scenes
16:10:11.565 [FXGL Background Thread 1 ] DEBUG GameWorld            - Game world initialized
16:10:11.621 [FXGL Background Thread 1 ] DEBUG PhysicsWorld         - Physics world initialized: appHeight=600, physics.ppm=50.0
16:10:11.621 [FXGL Background Thread 1 ] DEBUG PhysicsWorld         - Using strategy: BRUTE_FORCE
16:10:11.627 [FXGL Background Thread 1 ] DEBUG GameScene            - Game scene initialized: 600x600
16:10:11.642 [FXGL Background Thread 1 ] WARN  FXGL.DefaultMenu     - FXGLDefaultMenu is not designed for resolutions < 800x600
16:10:11.642 [FXGL Background Thread 1 ] DEBUG FXGL.DefaultMenu     - createMenuBodyGameMenu()
16:10:11.659 [FXGL Background Thread 1 ] DEBUG FXGL.DefaultMenu     - createOptionsMenu()
16:10:11.673 [FXGL Background Thread 1 ] DEBUG FXGLAssetLoaderServi - Loading from file system: jar:file:///home/katussska/.m2/repository/com/github/almasb/fxgl/17.2/fxgl-17.2.jar!/fxglassets/textures/particles/smoke.png
16:10:11.807 [FXGL Background Thread 1 ] DEBUG FXGLAssetLoaderServi - Loading from file system: jar:file:///home/katussska/.m2/repository/com/github/almasb/fxgl/17.2/fxgl-17.2.jar!/fxglassets/textures/particles/trace_horizontal.png
16:10:11.859 [FXGL Background Thread 1 ] DEBUG GameApplicationServi - Application scenes initialized
16:10:11.874 [FXGL Background Thread 1 ] DEBUG SystemBundleService  - Loading FXGL system data
16:10:11.879 [FXGL Background Thread 1 ] DEBUG FileSystemAccess     - Reading from: /home/katussska/Private/github/MCBoulder-Dash/system/fxgl.bundle
16:10:11.890 [FXGL Background Thread 1 ] DEBUG SystemBundleService  - Bundle FXGL: {}
16:10:11.890 [FXGL Background Thread 1 ] DEBUG UpdaterService       - Checking for updates
16:10:11.897 [FXGL Background Thread 4 ] DEBUG FXGLApplication      - Loading fonts
16:10:11.898 [FXGL Background Thread 4 ] DEBUG FXGLAssetLoaderServi - Loading from file system: jar:file:///home/katussska/.m2/repository/com/github/almasb/fxgl/17.2/fxgl-17.2.jar!/fxglassets/ui/fonts/VarelaRound-Regular.ttf
16:10:11.898 [FXGL Background Thread 1 ] DEBUG FXGLApplication      - Loading default localization
16:10:11.899 [FXGL Background Thread 1 ] DEBUG FXGLAssetLoaderServi - Loading from file system: jar:file:///home/katussska/.m2/repository/com/github/almasb/fxgl/17.2/fxgl-17.2.jar!/fxglassets/languages/english.lang
16:10:11.917 [FXGL Background Thread 4 ] DEBUG FXGLAssetLoaderServi - Loading from file system: jar:file:///home/katussska/.m2/repository/com/github/almasb/fxgl/17.2/fxgl-17.2.jar!/fxglassets/ui/fonts/Abel-Regular.ttf
16:10:11.919 [FXGL Background Thread 4 ] DEBUG FXGLAssetLoaderServi - Loading from file system: jar:file:///home/katussska/.m2/repository/com/github/almasb/fxgl/17.2/fxgl-17.2.jar!/fxglassets/ui/fonts/TerminalLandMono-Regular.otf
16:10:11.922 [FXGL Background Thread 4 ] DEBUG FXGLAssetLoaderServi - Loading from file system: jar:file:///home/katussska/.m2/repository/com/github/almasb/fxgl/17.2/fxgl-17.2.jar!/fxglassets/ui/fonts/Courier-Prime.ttf
16:10:11.927 [JavaFX Application Thread] DEBUG FXGLApplication      - Registering font factories with UI factory
16:10:11.931 [FXGL Background Thread 1 ] INFO  FXGLApplication      - FXGL initialization took: 0.614 sec
16:10:11.946 [JavaFX Application Thread] DEBUG Input                - Registered new binding: Move Up - W
16:10:11.946 [JavaFX Application Thread] DEBUG Input                - Registered new binding: Move Left - A
16:10:11.947 [JavaFX Application Thread] DEBUG Input                - Registered new binding: Move Down - S
16:10:11.947 [JavaFX Application Thread] DEBUG Input                - Registered new binding: Move Right - D
16:10:11.947 [JavaFX Application Thread] DEBUG Input                - Registered new binding: Place Bomb - F
16:10:11.948 [JavaFX Application Thread] DEBUG FXGLAssetLoaderServi - Loading from file system: jar:file:///home/katussska/.m2/repository/com/github/almasb/fxgl/17.2/fxgl-17.2.jar!/fxglassets/textures/fxgl_icon.png
16:10:11.993 [JavaFX Application Thread] DEBUG FXGLAssetLoaderServi - Loading from file system: jar:file:///home/katussska/.m2/repository/com/github/almasb/fxgl/17.2/fxgl-17.2.jar!/fxglassets/textures/fxgl_default_cursor.png
16:10:11.997 [JavaFX Application Thread] DEBUG Input                - Registered new binding: Screenshot - CTRL+8
16:10:11.998 [JavaFX Application Thread] DEBUG Input                - Registered new binding: System info dump - CTRL+9
16:10:11.998 [JavaFX Application Thread] DEBUG Input                - Registered new binding: Restart - CTRL+R
16:10:11.999 [JavaFX Application Thread] DEBUG Input                - Registered new binding: Toggle Debug Camera - CTRL+7
16:10:12.001 [JavaFX Application Thread] DEBUG LoopRunner           - Starting loop
16:10:12.001 [JavaFX Application Thread] DEBUG LoopRunner           - Initializing JavaFX AnimationTimerLoop
16:10:12.002 [JavaFX Application Thread] DEBUG GameApplicationServi - Starting new game
16:10:12.003 [JavaFX Application Thread] DEBUG Input                - Clearing active input actions
16:10:12.016 [JavaFX Application Thread] DEBUG GameApplicationServi - Removing overlay from FXGLStartupScene and adding to FXGLLoadingScene
16:10:12.017 [JavaFX Application Thread] DEBUG PrimaryStageWindow   - FXGLStartupScene -> FXGLLoadingScene
16:10:12.017 [JavaFX Application Thread] DEBUG GameApplicationServi - Clearing previous game
16:10:12.017 [JavaFX Application Thread] DEBUG GameScene            - Clearing game scene
16:10:12.017 [JavaFX Application Thread] DEBUG GameWorld            - Clearing game world
16:10:12.017 [JavaFX Application Thread] DEBUG PhysicsWorld         - Clearing physics world
16:10:12.019 [FXGL Background Thread 1 ] DEBUG FXGLApplication      - Initializing game
16:10:12.150 [JavaFX Application Thread] DEBUG LoopRunner           - Stopping loop
16:10:12.153 [JavaFX Application Thread] FATAL FXGLApplication      - Uncaught Exception:
java.lang.RuntimeException: Initialization failed
	at com.almasb.fxgl.all@17.2/com.almasb.fxgl.app.FXGLApplication$InitAppTask.failed(FXGLApplication.kt:343)
	at javafx.graphics/javafx.concurrent.Task.setState(Task.java:710)
	at javafx.graphics/javafx.concurrent.Task$TaskCallable.lambda$call$2(Task.java:1456)
	at javafx.graphics/com.sun.javafx.application.PlatformImpl.lambda$runLater$10(PlatformImpl.java:457)
	at java.base/java.security.AccessController.doPrivileged(AccessController.java:399)
	at javafx.graphics/com.sun.javafx.application.PlatformImpl.lambda$runLater$11(PlatformImpl.java:456)
	at javafx.graphics/com.sun.glass.ui.InvokeLaterDispatcher$Future.run(InvokeLaterDispatcher.java:96)
	at javafx.graphics/com.sun.glass.ui.gtk.GtkApplication._runLoop(Native Method)
	at javafx.graphics/com.sun.glass.ui.gtk.GtkApplication.lambda$runLoop$11(GtkApplication.java:290)
	at java.base/java.lang.Thread.run(Thread.java:833)
Caused by: java.lang.IllegalArgumentException: No EntityFactory has a method annotated @Spawns( )
	at com.almasb.fxgl.entity@17.2/com.almasb.fxgl.entity.GameWorld.create(GameWorld.kt:413)
	at com.almasb.fxgl.entity@17.2/com.almasb.fxgl.entity.level.text.TextLevelLoader.load(TextLevelLoader.kt:41)
	at com.almasb.fxgl.all@17.2/com.almasb.fxgl.app.services.FXGLAssetLoaderService.loadLevel(FXGLAssetLoaderService.kt:446)
	at mcboulderdash.temp/mcboulderdash.BoulderDashApp.initGame(BoulderDashApp.java:79)
	at com.almasb.fxgl.all@17.2/com.almasb.fxgl.app.FXGLApplication$InitAppTask.initGame(FXGLApplication.kt:339)
	at com.almasb.fxgl.all@17.2/com.almasb.fxgl.app.FXGLApplication$InitAppTask.call(FXGLApplication.kt:319)
	at com.almasb.fxgl.all@17.2/com.almasb.fxgl.app.FXGLApplication$InitAppTask.call(FXGLApplication.kt:311)
	at javafx.graphics/javafx.concurrent.Task$TaskCallable.call(Task.java:1426)
	at java.base/java.util.concurrent.FutureTask.run(FutureTask.java:264)
	at java.base/java.util.concurrent.Executors$RunnableAdapter.call(Executors.java:539)
	at java.base/java.util.concurrent.FutureTask.run(FutureTask.java:264)
	at java.base/java.util.concurrent.ThreadPoolExecutor.runWorker(ThreadPoolExecutor.java:1136)
	at java.base/java.util.concurrent.ThreadPoolExecutor$Worker.run(ThreadPoolExecutor.java:635)
	... 1 more

16:10:12.153 [JavaFX Application Thread] FATAL FXGLApplication      - Application will now exit
16:10:12.180 [JavaFX Application Thread] DEBUG PrimaryStageWindow   - Push state: ErrorSubScene
16:10:12.181 [JavaFX Application Thread] DEBUG Input                - Clearing active input actions
16:10:12.187 [JavaFX Application Thread] DEBUG GameApplicationServi - Removing overlay from FXGLLoadingScene and adding to ErrorSubScene
16:10:12.187 [JavaFX Application Thread] DEBUG PrimaryStageWindow   - FXGLLoadingScene -> ErrorSubScene
16:10:12.388 [FXGL Background Thread 2 ] INFO  UpdaterService       - Your current version:  17.2
16:10:12.390 [FXGL Background Thread 2 ] INFO  UpdaterService       - Latest stable version: 17.3
16:10:14.349 [JavaFX Application Thread] DEBUG FXGLApplication      - Exiting FXGL
16:10:14.350 [JavaFX Application Thread] DEBUG Async                - Shutting down background threads
16:10:14.350 [JavaFX Application Thread] DEBUG PrimaryStageWindow   - Closing main window
16:10:14.359 [JavaFX Application Thread] DEBUG Logger               - Closing Logger
