17:33:46.394 [main                     ] DEBUG Logger               - Configured Logger
17:33:46.444 [main                     ] DEBUG GameApplication      - Logging settings
Title: MC Boulder Dash
Version: 0.0
Width: 600
Height: 600
Fullscreen: false
Intro: false
Profiling: false
Single step:false
App Mode: DEVELOPER
Menu Key: ESCAPE
Stage Style: DECORATED
Scene Factory: class com.almasb.fxgl.app.scene.SceneFactory

17:33:46.897 [JavaFX Application Thread] DEBUG FXGLApplication      - Initializing FXGL
17:33:46.911 [JavaFX Application Thread] INFO  Engine               - FXGL-17.2 (20.08.2022 16.50) on LINUX (J:17.0.8 FX:17.0.6)
17:33:46.912 [JavaFX Application Thread] DEBUG Engine               - JRE Vendor Name: Red Hat, Inc.
17:33:46.912 [JavaFX Application Thread] DEBUG Engine               - Running on OS: Linux version 6.5.7-200.fc38.x86_64
17:33:46.913 [JavaFX Application Thread] DEBUG Engine               - Architecture: amd64
17:33:46.913 [JavaFX Application Thread] INFO  Engine               - Source code and latest versions at: https://github.com/AlmasB/FXGL
17:33:46.914 [JavaFX Application Thread] INFO  Engine               -       Ask questions and discuss at: https://github.com/AlmasB/FXGL/discussions
17:33:46.914 [JavaFX Application Thread] INFO  Engine               -              Join the FXGL chat at: https://gitter.im/AlmasB/FXGL
17:33:47.032 [JavaFX Application Thread] DEBUG PrimaryStageWindow   - Creating a JavaFX scene
17:33:47.156 [JavaFX Application Thread] DEBUG PrimaryStageWindow   - Target settings size: 600.0 x 600.0
17:33:47.157 [JavaFX Application Thread] DEBUG PrimaryStageWindow   - Scaled scene size:    600.0 x 600.0
17:33:47.158 [JavaFX Application Thread] DEBUG PrimaryStageWindow   - Scaled ratio: (1.0, 1.0)
17:33:47.159 [JavaFX Application Thread] DEBUG PrimaryStageWindow   - Set initial scene to FXGLStartupScene
17:33:47.168 [JavaFX Application Thread] DEBUG PrimaryStageWindow   - Opening main window
17:33:47.229 [JavaFX Application Thread] DEBUG PrimaryStageWindow   - Window border size: (2.0, 29.0)
17:33:47.230 [JavaFX Application Thread] DEBUG PrimaryStageWindow   - Scaled size: 600.0 x 600.0
17:33:47.230 [JavaFX Application Thread] DEBUG PrimaryStageWindow   - Scaled ratio: (1.0, 1.0)
17:33:47.230 [JavaFX Application Thread] DEBUG PrimaryStageWindow   - Scene size: 600.0 x 600.0
17:33:47.231 [JavaFX Application Thread] DEBUG PrimaryStageWindow   - Stage size: 602.0 x 629.0
17:33:47.243 [FXGL Background Thread 1 ] DEBUG Engine               - Initializing environment variables
17:33:47.294 [FXGL Background Thread 1 ] DEBUG FXGLAssetLoaderServi - User app class for loading assets: class mcboulderdash.BoulderDashApp
17:33:47.295 [FXGL Background Thread 1 ] DEBUG GameApplicationServi - Applying CSS: fxgl_dark.css
17:33:47.296 [FXGL Background Thread 1 ] DEBUG FXGLAssetLoaderServi - Loading from file system: jar:file:///home/katussska/.m2/repository/com/github/almasb/fxgl/17.2/fxgl-17.2.jar!/fxglassets/ui/css/fxgl_dark.css
17:33:47.362 [FXGL Background Thread 1 ] DEBUG GameApplicationServi - Initializing application scenes
17:33:47.462 [FXGL Background Thread 1 ] DEBUG GameWorld            - Game world initialized
17:33:47.516 [FXGL Background Thread 1 ] DEBUG PhysicsWorld         - Physics world initialized: appHeight=600, physics.ppm=50.0
17:33:47.516 [FXGL Background Thread 1 ] DEBUG PhysicsWorld         - Using strategy: BRUTE_FORCE
17:33:47.523 [FXGL Background Thread 1 ] DEBUG GameScene            - Game scene initialized: 600x600
17:33:47.541 [FXGL Background Thread 1 ] WARN  FXGL.DefaultMenu     - FXGLDefaultMenu is not designed for resolutions < 800x600
17:33:47.541 [FXGL Background Thread 1 ] DEBUG FXGL.DefaultMenu     - createMenuBodyGameMenu()
17:33:47.561 [FXGL Background Thread 1 ] DEBUG FXGL.DefaultMenu     - createOptionsMenu()
17:33:47.578 [FXGL Background Thread 1 ] DEBUG FXGLAssetLoaderServi - Loading from file system: jar:file:///home/katussska/.m2/repository/com/github/almasb/fxgl/17.2/fxgl-17.2.jar!/fxglassets/textures/particles/smoke.png
17:33:47.713 [FXGL Background Thread 1 ] DEBUG FXGLAssetLoaderServi - Loading from file system: jar:file:///home/katussska/.m2/repository/com/github/almasb/fxgl/17.2/fxgl-17.2.jar!/fxglassets/textures/particles/trace_horizontal.png
17:33:47.758 [FXGL Background Thread 1 ] DEBUG GameApplicationServi - Application scenes initialized
17:33:47.776 [FXGL Background Thread 1 ] DEBUG SystemBundleService  - Loading FXGL system data
17:33:47.781 [FXGL Background Thread 1 ] DEBUG FileSystemAccess     - Reading from: /home/katussska/Private/github/MCBoulder-Dash/system/fxgl.bundle
17:33:47.793 [FXGL Background Thread 1 ] DEBUG SystemBundleService  - Bundle FXGL: {}
17:33:47.793 [FXGL Background Thread 1 ] DEBUG UpdaterService       - Checking for updates
17:33:47.799 [FXGL Background Thread 4 ] DEBUG FXGLApplication      - Loading fonts
17:33:47.799 [FXGL Background Thread 1 ] DEBUG FXGLApplication      - Loading default localization
17:33:47.799 [FXGL Background Thread 4 ] DEBUG FXGLAssetLoaderServi - Loading from file system: jar:file:///home/katussska/.m2/repository/com/github/almasb/fxgl/17.2/fxgl-17.2.jar!/fxglassets/ui/fonts/VarelaRound-Regular.ttf
17:33:47.800 [FXGL Background Thread 1 ] DEBUG FXGLAssetLoaderServi - Loading from file system: jar:file:///home/katussska/.m2/repository/com/github/almasb/fxgl/17.2/fxgl-17.2.jar!/fxglassets/languages/english.lang
17:33:47.808 [FXGL Background Thread 4 ] DEBUG FXGLAssetLoaderServi - Loading from file system: jar:file:///home/katussska/.m2/repository/com/github/almasb/fxgl/17.2/fxgl-17.2.jar!/fxglassets/ui/fonts/Abel-Regular.ttf
17:33:47.810 [FXGL Background Thread 4 ] DEBUG FXGLAssetLoaderServi - Loading from file system: jar:file:///home/katussska/.m2/repository/com/github/almasb/fxgl/17.2/fxgl-17.2.jar!/fxglassets/ui/fonts/TerminalLandMono-Regular.otf
17:33:47.813 [FXGL Background Thread 4 ] DEBUG FXGLAssetLoaderServi - Loading from file system: jar:file:///home/katussska/.m2/repository/com/github/almasb/fxgl/17.2/fxgl-17.2.jar!/fxglassets/ui/fonts/Courier-Prime.ttf
17:33:47.828 [JavaFX Application Thread] DEBUG FXGLApplication      - Registering font factories with UI factory
17:33:47.832 [FXGL Background Thread 1 ] INFO  FXGLApplication      - FXGL initialization took: 0.590 sec
17:33:47.846 [JavaFX Application Thread] DEBUG Input                - Registered new binding: Move Up - W
17:33:47.847 [JavaFX Application Thread] DEBUG Input                - Registered new binding: Move Left - A
17:33:47.847 [JavaFX Application Thread] DEBUG Input                - Registered new binding: Move Down - S
17:33:47.847 [JavaFX Application Thread] DEBUG Input                - Registered new binding: Move Right - D
17:33:47.847 [JavaFX Application Thread] DEBUG Input                - Registered new binding: Place Bomb - F
17:33:47.848 [JavaFX Application Thread] DEBUG FXGLAssetLoaderServi - Loading from file system: jar:file:///home/katussska/.m2/repository/com/github/almasb/fxgl/17.2/fxgl-17.2.jar!/fxglassets/textures/fxgl_icon.png
17:33:47.879 [JavaFX Application Thread] DEBUG FXGLAssetLoaderServi - Loading from file system: jar:file:///home/katussska/.m2/repository/com/github/almasb/fxgl/17.2/fxgl-17.2.jar!/fxglassets/textures/fxgl_default_cursor.png
17:33:47.883 [JavaFX Application Thread] DEBUG Input                - Registered new binding: Screenshot - CTRL+8
17:33:47.884 [JavaFX Application Thread] DEBUG Input                - Registered new binding: System info dump - CTRL+9
17:33:47.885 [JavaFX Application Thread] DEBUG Input                - Registered new binding: Restart - CTRL+R
17:33:47.886 [JavaFX Application Thread] DEBUG Input                - Registered new binding: Toggle Debug Camera - CTRL+7
17:33:47.890 [JavaFX Application Thread] DEBUG LoopRunner           - Starting loop
17:33:47.891 [JavaFX Application Thread] DEBUG LoopRunner           - Initializing JavaFX AnimationTimerLoop
17:33:47.893 [JavaFX Application Thread] DEBUG GameApplicationServi - Starting new game
17:33:47.894 [JavaFX Application Thread] DEBUG Input                - Clearing active input actions
17:33:47.913 [JavaFX Application Thread] DEBUG GameApplicationServi - Removing overlay from FXGLStartupScene and adding to FXGLLoadingScene
17:33:47.914 [JavaFX Application Thread] DEBUG PrimaryStageWindow   - FXGLStartupScene -> FXGLLoadingScene
17:33:47.914 [JavaFX Application Thread] DEBUG GameApplicationServi - Clearing previous game
17:33:47.915 [JavaFX Application Thread] DEBUG GameScene            - Clearing game scene
17:33:47.915 [JavaFX Application Thread] DEBUG GameWorld            - Clearing game world
17:33:47.915 [JavaFX Application Thread] DEBUG PhysicsWorld         - Clearing physics world
17:33:47.918 [FXGL Background Thread 1 ] DEBUG FXGLApplication      - Initializing game
17:33:47.933 [FXGL Background Thread 1 ] DEBUG FXGLAssetLoaderServi - Loading from file system: file:/home/katussska/Private/github/MCBoulder-Dash/target/classes/assets/textures/brick.png
17:33:48.002 [FXGL Background Thread 1 ] DEBUG GameWorld            - Clearing removable entities
17:33:48.003 [FXGL Background Thread 1 ] DEBUG GameWorld            - Setting level: com.almasb.fxgl.entity.level.Level@3052d01b
17:33:48.053 [FXGL Background Thread 1 ] INFO  FXGLApplication      - Game initialization took: 0.135 sec
17:33:48.112 [JavaFX Application Thread] DEBUG Input                - Clearing active input actions
17:33:48.127 [JavaFX Application Thread] DEBUG GameApplicationServi - Removing overlay from FXGLLoadingScene and adding to GameScene
17:33:48.128 [JavaFX Application Thread] DEBUG PrimaryStageWindow   - FXGLLoadingScene -> GameScene
17:33:48.342 [FXGL Background Thread 2 ] INFO  UpdaterService       - Your current version:  17.2
17:33:48.342 [FXGL Background Thread 2 ] INFO  UpdaterService       - Latest stable version: 17.3
17:33:50.797 [FXGL Background Thread 3 ] DEBUG Engine               - Logging environment variables
17:33:50.800 [FXGL Background Thread 3 ] DEBUG Engine               - achievements: []
17:33:50.800 [FXGL Background Thread 3 ] DEBUG Engine               - actualHeight: 608.0
17:33:50.800 [FXGL Background Thread 3 ] DEBUG Engine               - actualHeightProperty: ReadOnlyDoubleProperty [value: 608.0]
17:33:50.800 [FXGL Background Thread 3 ] DEBUG Engine               - actualWidth: 598.0
17:33:50.801 [FXGL Background Thread 3 ] DEBUG Engine               - actualWidthProperty: ReadOnlyDoubleProperty [value: 598.0]
17:33:50.801 [FXGL Background Thread 3 ] DEBUG Engine               - appIcon: fxgl_icon.png
17:33:50.801 [FXGL Background Thread 3 ] DEBUG Engine               - applicationMode: DEVELOPER
17:33:50.801 [FXGL Background Thread 3 ] DEBUG Engine               - cSSList: [fxgl_dark.css]
17:33:50.801 [FXGL Background Thread 3 ] DEBUG Engine               - collisionDetectionStrategy: BRUTE_FORCE
17:33:50.802 [FXGL Background Thread 3 ] DEBUG Engine               - configClass: Optional.empty
17:33:50.802 [FXGL Background Thread 3 ] DEBUG Engine               - credits: []
17:33:50.802 [FXGL Background Thread 3 ] DEBUG Engine               - defaultCursor: CursorInfo(imageName=fxgl_default_cursor.png, hotspotX=7.0, hotspotY=6.0)
17:33:50.803 [FXGL Background Thread 3 ] DEBUG Engine               - devBBoxColorProperty: ObjectProperty [value: 0xff0000ff]
17:33:50.803 [FXGL Background Thread 3 ] DEBUG Engine               - devEnableDebugCameraProperty: BooleanProperty [value: false]
17:33:50.803 [FXGL Background Thread 3 ] DEBUG Engine               - devSensorColorProperty: ObjectProperty [value: 0xffff00ff]
17:33:50.803 [FXGL Background Thread 3 ] DEBUG Engine               - devShowBBoxProperty: BooleanProperty [value: false]
17:33:50.803 [FXGL Background Thread 3 ] DEBUG Engine               - devShowPositionProperty: BooleanProperty [value: false]
17:33:50.803 [FXGL Background Thread 3 ] DEBUG Engine               - enabledMenuItems: []
17:33:50.804 [FXGL Background Thread 3 ] DEBUG Engine               - engineServices: [class com.almasb.fxgl.app.services.FXGLAssetLoaderService, class com.almasb.fxgl.app.FXGLApplication$GameApplicationService, class com.almasb.fxgl.app.services.FXGLDialogService, class com.almasb.fxgl.app.services.IOTaskExecutorService, class com.almasb.fxgl.io.FileSystemService, class com.almasb.fxgl.localization.LocalizationService, class com.almasb.fxgl.app.services.SystemBundleService, class com.almasb.fxgl.profile.SaveLoadService, class com.almasb.fxgl.ui.FXGLUIFactoryServiceProvider, class com.almasb.fxgl.ui.FXGLDialogFactoryServiceProvider, class com.almasb.fxgl.audio.AudioPlayer, class com.almasb.fxgl.notification.impl.NotificationServiceProvider, class com.almasb.fxgl.achievement.AchievementService, class com.almasb.fxgl.cutscene.CutsceneService, class com.almasb.fxgl.minigames.MiniGameService, class com.almasb.fxgl.net.NetService, class com.almasb.fxgl.app.services.UpdaterService, class com.almasb.fxgl.dev.DevService]
17:33:50.804 [FXGL Background Thread 3 ] DEBUG Engine               - fontGame: Abel-Regular.ttf
17:33:50.804 [FXGL Background Thread 3 ] DEBUG Engine               - fontMono: TerminalLandMono-Regular.otf
17:33:50.804 [FXGL Background Thread 3 ] DEBUG Engine               - fontText: Courier-Prime.ttf
17:33:50.804 [FXGL Background Thread 3 ] DEBUG Engine               - fontUI: VarelaRound-Regular.ttf
17:33:50.804 [FXGL Background Thread 3 ] DEBUG Engine               - fullScreen: BooleanProperty [value: false]
17:33:50.804 [FXGL Background Thread 3 ] DEBUG Engine               - gameDifficulty: MEDIUM
17:33:50.805 [FXGL Background Thread 3 ] DEBUG Engine               - gameDifficultyProperty: ObjectProperty [value: MEDIUM]
17:33:50.805 [FXGL Background Thread 3 ] DEBUG Engine               - globalMusicVolume: 0.5
17:33:50.805 [FXGL Background Thread 3 ] DEBUG Engine               - globalMusicVolumeProperty: DoubleProperty [value: 0.5]
17:33:50.805 [FXGL Background Thread 3 ] DEBUG Engine               - globalSoundVolume: 0.5
17:33:50.805 [FXGL Background Thread 3 ] DEBUG Engine               - globalSoundVolumeProperty: DoubleProperty [value: 0.5]
17:33:50.805 [FXGL Background Thread 3 ] DEBUG Engine               - height: 600
17:33:50.805 [FXGL Background Thread 3 ] DEBUG Engine               - is3D: false
17:33:50.805 [FXGL Background Thread 3 ] DEBUG Engine               - isAndroid: false
17:33:50.806 [FXGL Background Thread 3 ] DEBUG Engine               - isBrowser: false
17:33:50.806 [FXGL Background Thread 3 ] DEBUG Engine               - isClickFeedbackEnabled: false
17:33:50.806 [FXGL Background Thread 3 ] DEBUG Engine               - isCloseConfirmation: false
17:33:50.806 [FXGL Background Thread 3 ] DEBUG Engine               - isDesktop: true
17:33:50.806 [FXGL Background Thread 3 ] DEBUG Engine               - isDeveloperMenuEnabled: false
17:33:50.806 [FXGL Background Thread 3 ] DEBUG Engine               - isEmbedded: false
17:33:50.806 [FXGL Background Thread 3 ] DEBUG Engine               - isEntityPreloadEnabled: true
17:33:50.806 [FXGL Background Thread 3 ] DEBUG Engine               - isExperimentalTiledLargeMap: false
17:33:50.806 [FXGL Background Thread 3 ] DEBUG Engine               - isFileSystemWriteAllowed: true
17:33:50.807 [FXGL Background Thread 3 ] DEBUG Engine               - isFullScreenAllowed: false
17:33:50.807 [FXGL Background Thread 3 ] DEBUG Engine               - isFullScreenFromStart: false
17:33:50.807 [FXGL Background Thread 3 ] DEBUG Engine               - isGameMenuEnabled: true
17:33:50.807 [FXGL Background Thread 3 ] DEBUG Engine               - isIOS: false
17:33:50.807 [FXGL Background Thread 3 ] DEBUG Engine               - isIntroEnabled: false
17:33:50.807 [FXGL Background Thread 3 ] DEBUG Engine               - isLinux: true
17:33:50.807 [FXGL Background Thread 3 ] DEBUG Engine               - isMac: false
17:33:50.807 [FXGL Background Thread 3 ] DEBUG Engine               - isMainMenuEnabled: false
17:33:50.807 [FXGL Background Thread 3 ] DEBUG Engine               - isManualResizeEnabled: false
17:33:50.808 [FXGL Background Thread 3 ] DEBUG Engine               - isMobile: false
17:33:50.808 [FXGL Background Thread 3 ] DEBUG Engine               - isNative: false
17:33:50.808 [FXGL Background Thread 3 ] DEBUG Engine               - isPauseMusicWhenMinimized: true
17:33:50.808 [FXGL Background Thread 3 ] DEBUG Engine               - isPreserveResizeRatio: false
17:33:50.808 [FXGL Background Thread 3 ] DEBUG Engine               - isProfilingEnabled: false
17:33:50.808 [FXGL Background Thread 3 ] DEBUG Engine               - isScaleAffectedOnResize: true
17:33:50.809 [FXGL Background Thread 3 ] DEBUG Engine               - isSingleStep: false
17:33:50.809 [FXGL Background Thread 3 ] DEBUG Engine               - isUserProfileEnabled: false
17:33:50.809 [FXGL Background Thread 3 ] DEBUG Engine               - isWindows: false
17:33:50.809 [FXGL Background Thread 3 ] DEBUG Engine               - language: ObjectProperty [value: ENGLISH]
17:33:50.809 [FXGL Background Thread 3 ] DEBUG Engine               - menuKey: ESCAPE
17:33:50.809 [FXGL Background Thread 3 ] DEBUG Engine               - mouseSensitivity: 0.2
17:33:50.809 [FXGL Background Thread 3 ] DEBUG Engine               - notificationViewClass: class com.almasb.fxgl.notification.view.XboxNotificationView
17:33:50.809 [FXGL Background Thread 3 ] DEBUG Engine               - pixelsPerMeter: 50.0
17:33:50.809 [FXGL Background Thread 3 ] DEBUG Engine               - platform: LINUX
17:33:50.810 [FXGL Background Thread 3 ] DEBUG Engine               - prefHeightProperty: ReadOnlyDoubleProperty [value: 600.0]
17:33:50.810 [FXGL Background Thread 3 ] DEBUG Engine               - prefWidthProperty: ReadOnlyDoubleProperty [value: 600.0]
17:33:50.810 [FXGL Background Thread 3 ] DEBUG Engine               - profileDir: profiles/
17:33:50.810 [FXGL Background Thread 3 ] DEBUG Engine               - profileName: StringProperty [value: DEFAULT]
17:33:50.810 [FXGL Background Thread 3 ] DEBUG Engine               - randomSeed: -1
17:33:50.810 [FXGL Background Thread 3 ] DEBUG Engine               - runtimeInfo: RuntimeInfo(platform=LINUX, version=17.2, build=20.08.2022 16.50)
17:33:50.811 [FXGL Background Thread 3 ] DEBUG Engine               - saveFileExt: sav
17:33:50.811 [FXGL Background Thread 3 ] DEBUG Engine               - scaledHeightProp$fxgl: DoubleProperty [bound, value: 608.0]
17:33:50.811 [FXGL Background Thread 3 ] DEBUG Engine               - scaledWidthProp$fxgl: DoubleProperty [bound, value: 598.0]
17:33:50.811 [FXGL Background Thread 3 ] DEBUG Engine               - sceneFactory: com.almasb.fxgl.app.scene.SceneFactory@5ea88d44
17:33:50.811 [FXGL Background Thread 3 ] DEBUG Engine               - secondsIn24h: 60
17:33:50.811 [FXGL Background Thread 3 ] DEBUG Engine               - soundMenuBack: menu/back.wav
17:33:50.811 [FXGL Background Thread 3 ] DEBUG Engine               - soundMenuPress: menu/press.wav
17:33:50.811 [FXGL Background Thread 3 ] DEBUG Engine               - soundMenuSelect: menu/select.wav
17:33:50.812 [FXGL Background Thread 3 ] DEBUG Engine               - soundNotification: core/notification.wav
17:33:50.812 [FXGL Background Thread 3 ] DEBUG Engine               - stageStyle: DECORATED
17:33:50.812 [FXGL Background Thread 3 ] DEBUG Engine               - supportedLanguages: [ENGLISH, FRENCH, GERMAN, HUNGARIAN, RUSSIAN]
17:33:50.812 [FXGL Background Thread 3 ] DEBUG Engine               - ticksPerSecond: -1
17:33:50.812 [FXGL Background Thread 3 ] DEBUG Engine               - title: MC Boulder Dash
17:33:50.812 [FXGL Background Thread 3 ] DEBUG Engine               - urlGithub: https://github.com/AlmasB/FXGL
17:33:50.812 [FXGL Background Thread 3 ] DEBUG Engine               - urlLeaderboard: http://fxgl-top.herokuapp.com/
17:33:50.812 [FXGL Background Thread 3 ] DEBUG Engine               - urlPOM: https://raw.githubusercontent.com/AlmasB/FXGL/release/README.md
17:33:50.812 [FXGL Background Thread 3 ] DEBUG Engine               - userAppClass: class mcboulderdash.BoulderDashApp
17:33:50.813 [FXGL Background Thread 3 ] DEBUG Engine               - version: 0.0
17:33:50.813 [FXGL Background Thread 3 ] DEBUG Engine               - versionCheckDays: 7
17:33:50.813 [FXGL Background Thread 3 ] DEBUG Engine               - width: 600
17:33:50.813 [FXGL Background Thread 3 ] DEBUG Engine               - Logging services
17:33:50.813 [FXGL Background Thread 3 ] DEBUG Engine               - class com.almasb.fxgl.app.services.FXGLAssetLoaderService
17:33:50.813 [FXGL Background Thread 3 ] DEBUG Engine               - class com.almasb.fxgl.app.FXGLApplication$GameApplicationService
17:33:50.813 [FXGL Background Thread 3 ] DEBUG Engine               - class com.almasb.fxgl.app.services.FXGLDialogService
17:33:50.813 [FXGL Background Thread 3 ] DEBUG Engine               - class com.almasb.fxgl.app.services.IOTaskExecutorService
17:33:50.813 [FXGL Background Thread 3 ] DEBUG Engine               - class com.almasb.fxgl.io.FileSystemService
17:33:50.813 [FXGL Background Thread 3 ] DEBUG Engine               - class com.almasb.fxgl.localization.LocalizationService
17:33:50.814 [FXGL Background Thread 3 ] DEBUG Engine               - class com.almasb.fxgl.app.services.SystemBundleService
17:33:50.814 [FXGL Background Thread 3 ] DEBUG Engine               - class com.almasb.fxgl.profile.SaveLoadService
17:33:50.814 [FXGL Background Thread 3 ] DEBUG Engine               - class com.almasb.fxgl.ui.FXGLUIFactoryServiceProvider
17:33:50.814 [FXGL Background Thread 3 ] DEBUG Engine               - class com.almasb.fxgl.ui.FXGLDialogFactoryServiceProvider
17:33:50.814 [FXGL Background Thread 3 ] DEBUG Engine               - class com.almasb.fxgl.audio.AudioPlayer
17:33:50.814 [FXGL Background Thread 3 ] DEBUG Engine               - class com.almasb.fxgl.notification.impl.NotificationServiceProvider
17:33:50.814 [FXGL Background Thread 3 ] DEBUG Engine               - class com.almasb.fxgl.achievement.AchievementService
17:33:50.814 [FXGL Background Thread 3 ] DEBUG Engine               - class com.almasb.fxgl.cutscene.CutsceneService
17:33:50.814 [FXGL Background Thread 3 ] DEBUG Engine               - class com.almasb.fxgl.minigames.MiniGameService
17:33:50.814 [FXGL Background Thread 3 ] DEBUG Engine               - class com.almasb.fxgl.net.NetService
17:33:50.814 [FXGL Background Thread 3 ] DEBUG Engine               - class com.almasb.fxgl.app.services.UpdaterService
17:33:50.815 [FXGL Background Thread 3 ] DEBUG Engine               - class com.almasb.fxgl.dev.DevService
17:33:53.567 [JavaFX Application Thread] DEBUG FXGLApplication      - Exiting FXGL
17:33:53.568 [JavaFX Application Thread] DEBUG LoopRunner           - Stopping loop
17:33:53.568 [JavaFX Application Thread] DEBUG SystemBundleService  - Saving FXGL system data
17:33:53.571 [JavaFX Application Thread] DEBUG FileSystemAccess     - Writing to: /home/katussska/Private/github/MCBoulder-Dash/system/fxgl.bundle
17:33:53.573 [JavaFX Application Thread] DEBUG Async                - Shutting down background threads
17:33:53.574 [JavaFX Application Thread] DEBUG PrimaryStageWindow   - Closing main window
17:33:53.581 [JavaFX Application Thread] DEBUG Logger               - Closing Logger
