17:52:26.369 [main                     ] DEBUG Logger               - Configured Logger
17:52:26.445 [main                     ] DEBUG GameApplication      - Logging settings
Title: Untitled
Version: 0.0
Width: 800
Height: 600
Fullscreen: false
Intro: false
Profiling: false
Single step:false
App Mode: DEVELOPER
Menu Key: ESCAPE
Stage Style: DECORATED
Scene Factory: class com.almasb.fxgl.app.scene.SceneFactory

17:52:26.959 [JavaFX Application Thread] DEBUG FXGLApplication      - Initializing FXGL
17:52:26.967 [JavaFX Application Thread] INFO  Engine               - FXGL-17.2 (20.08.2022 16.50) on LINUX (J:17.0.8 FX:17.0.6)
17:52:26.968 [JavaFX Application Thread] DEBUG Engine               - JRE Vendor Name: Red Hat, Inc.
17:52:26.969 [JavaFX Application Thread] DEBUG Engine               - Running on OS: Linux version 6.5.7-200.fc38.x86_64
17:52:26.969 [JavaFX Application Thread] DEBUG Engine               - Architecture: amd64
17:52:26.969 [JavaFX Application Thread] INFO  Engine               - Source code and latest versions at: https://github.com/AlmasB/FXGL
17:52:26.970 [JavaFX Application Thread] INFO  Engine               -       Ask questions and discuss at: https://github.com/AlmasB/FXGL/discussions
17:52:26.970 [JavaFX Application Thread] INFO  Engine               -              Join the FXGL chat at: https://gitter.im/AlmasB/FXGL
17:52:27.095 [JavaFX Application Thread] DEBUG PrimaryStageWindow   - Creating a JavaFX scene
17:52:27.215 [JavaFX Application Thread] DEBUG PrimaryStageWindow   - Target settings size: 800.0 x 600.0
17:52:27.216 [JavaFX Application Thread] DEBUG PrimaryStageWindow   - Scaled scene size:    800.0 x 600.0
17:52:27.216 [JavaFX Application Thread] DEBUG PrimaryStageWindow   - Scaled ratio: (1.0, 1.0)
17:52:27.217 [JavaFX Application Thread] DEBUG PrimaryStageWindow   - Set initial scene to FXGLStartupScene
17:52:27.226 [JavaFX Application Thread] DEBUG PrimaryStageWindow   - Opening main window
17:52:27.272 [JavaFX Application Thread] DEBUG PrimaryStageWindow   - Window border size: (2.0, 29.0)
17:52:27.273 [JavaFX Application Thread] DEBUG PrimaryStageWindow   - Scaled size: 800.0 x 600.0
17:52:27.273 [JavaFX Application Thread] DEBUG PrimaryStageWindow   - Scaled ratio: (1.0, 1.0)
17:52:27.273 [JavaFX Application Thread] DEBUG PrimaryStageWindow   - Scene size: 800.0 x 600.0
17:52:27.274 [JavaFX Application Thread] DEBUG PrimaryStageWindow   - Stage size: 802.0 x 629.0
17:52:27.282 [FXGL Background Thread 1 ] DEBUG Engine               - Initializing environment variables
17:52:27.345 [FXGL Background Thread 1 ] DEBUG FXGLAssetLoaderServi - User app class for loading assets: class mcboulderdash.BoulderDashApp
17:52:27.345 [FXGL Background Thread 1 ] DEBUG GameApplicationServi - Applying CSS: fxgl_dark.css
17:52:27.347 [FXGL Background Thread 1 ] DEBUG FXGLAssetLoaderServi - Loading from file system: jar:file:///home/katussska/.m2/repository/com/github/almasb/fxgl/17.2/fxgl-17.2.jar!/fxglassets/ui/css/fxgl_dark.css
17:52:27.418 [FXGL Background Thread 1 ] DEBUG GameApplicationServi - Initializing application scenes
17:52:27.544 [FXGL Background Thread 1 ] DEBUG GameWorld            - Game world initialized
17:52:27.607 [FXGL Background Thread 1 ] DEBUG PhysicsWorld         - Physics world initialized: appHeight=600, physics.ppm=50.0
17:52:27.608 [FXGL Background Thread 1 ] DEBUG PhysicsWorld         - Using strategy: BRUTE_FORCE
17:52:27.613 [FXGL Background Thread 1 ] DEBUG GameScene            - Game scene initialized: 800x600
17:52:27.631 [FXGL Background Thread 1 ] DEBUG FXGL.DefaultMenu     - createMenuBodyGameMenu()
17:52:27.653 [FXGL Background Thread 1 ] DEBUG FXGL.DefaultMenu     - createOptionsMenu()
17:52:27.670 [FXGL Background Thread 1 ] DEBUG FXGLAssetLoaderServi - Loading from file system: jar:file:///home/katussska/.m2/repository/com/github/almasb/fxgl/17.2/fxgl-17.2.jar!/fxglassets/textures/particles/smoke.png
17:52:27.809 [FXGL Background Thread 1 ] DEBUG FXGLAssetLoaderServi - Loading from file system: jar:file:///home/katussska/.m2/repository/com/github/almasb/fxgl/17.2/fxgl-17.2.jar!/fxglassets/textures/particles/trace_horizontal.png
17:52:27.855 [FXGL Background Thread 1 ] DEBUG GameApplicationServi - Application scenes initialized
17:52:27.871 [FXGL Background Thread 1 ] DEBUG SystemBundleService  - Loading FXGL system data
17:52:27.878 [FXGL Background Thread 1 ] DEBUG FileSystemAccess     - Reading from: /home/katussska/Private/github/MCBoulder-Dash/system/fxgl.bundle
17:52:27.891 [FXGL Background Thread 1 ] DEBUG SystemBundleService  - Bundle FXGL: {}
17:52:27.891 [FXGL Background Thread 1 ] DEBUG UpdaterService       - Checking for updates
17:52:27.898 [FXGL Background Thread 4 ] DEBUG FXGLApplication      - Loading fonts
17:52:27.899 [FXGL Background Thread 4 ] DEBUG FXGLAssetLoaderServi - Loading from file system: jar:file:///home/katussska/.m2/repository/com/github/almasb/fxgl/17.2/fxgl-17.2.jar!/fxglassets/ui/fonts/VarelaRound-Regular.ttf
17:52:27.899 [FXGL Background Thread 1 ] DEBUG FXGLApplication      - Loading default localization
17:52:27.900 [FXGL Background Thread 1 ] DEBUG FXGLAssetLoaderServi - Loading from file system: jar:file:///home/katussska/.m2/repository/com/github/almasb/fxgl/17.2/fxgl-17.2.jar!/fxglassets/languages/english.lang
17:52:27.912 [FXGL Background Thread 4 ] DEBUG FXGLAssetLoaderServi - Loading from file system: jar:file:///home/katussska/.m2/repository/com/github/almasb/fxgl/17.2/fxgl-17.2.jar!/fxglassets/ui/fonts/Abel-Regular.ttf
17:52:27.915 [FXGL Background Thread 4 ] DEBUG FXGLAssetLoaderServi - Loading from file system: jar:file:///home/katussska/.m2/repository/com/github/almasb/fxgl/17.2/fxgl-17.2.jar!/fxglassets/ui/fonts/TerminalLandMono-Regular.otf
17:52:27.918 [FXGL Background Thread 4 ] DEBUG FXGLAssetLoaderServi - Loading from file system: jar:file:///home/katussska/.m2/repository/com/github/almasb/fxgl/17.2/fxgl-17.2.jar!/fxglassets/ui/fonts/Courier-Prime.ttf
17:52:27.925 [JavaFX Application Thread] DEBUG FXGLApplication      - Registering font factories with UI factory
17:52:27.934 [FXGL Background Thread 1 ] INFO  FXGLApplication      - FXGL initialization took: 0.651 sec
17:52:27.936 [JavaFX Application Thread] DEBUG FXGLAssetLoaderServi - Loading from file system: jar:file:///home/katussska/.m2/repository/com/github/almasb/fxgl/17.2/fxgl-17.2.jar!/fxglassets/textures/fxgl_icon.png
17:52:27.990 [JavaFX Application Thread] DEBUG FXGLAssetLoaderServi - Loading from file system: jar:file:///home/katussska/.m2/repository/com/github/almasb/fxgl/17.2/fxgl-17.2.jar!/fxglassets/textures/fxgl_default_cursor.png
17:52:28.008 [JavaFX Application Thread] DEBUG Input                - Registered new binding: Screenshot - CTRL+8
17:52:28.009 [JavaFX Application Thread] DEBUG Input                - Registered new binding: System info dump - CTRL+9
17:52:28.009 [JavaFX Application Thread] DEBUG Input                - Registered new binding: Restart - CTRL+R
17:52:28.010 [JavaFX Application Thread] DEBUG Input                - Registered new binding: Toggle Debug Camera - CTRL+7
17:52:28.013 [JavaFX Application Thread] DEBUG LoopRunner           - Starting loop
17:52:28.013 [JavaFX Application Thread] DEBUG LoopRunner           - Initializing JavaFX AnimationTimerLoop
17:52:28.014 [JavaFX Application Thread] DEBUG GameApplicationServi - Starting new game
17:52:28.015 [JavaFX Application Thread] DEBUG Input                - Clearing active input actions
17:52:28.030 [JavaFX Application Thread] DEBUG GameApplicationServi - Removing overlay from FXGLStartupScene and adding to FXGLLoadingScene
17:52:28.031 [JavaFX Application Thread] DEBUG PrimaryStageWindow   - FXGLStartupScene -> FXGLLoadingScene
17:52:28.031 [JavaFX Application Thread] DEBUG GameApplicationServi - Clearing previous game
17:52:28.031 [JavaFX Application Thread] DEBUG GameScene            - Clearing game scene
17:52:28.031 [JavaFX Application Thread] DEBUG GameWorld            - Clearing game world
17:52:28.031 [JavaFX Application Thread] DEBUG PhysicsWorld         - Clearing physics world
17:52:28.034 [FXGL Background Thread 1 ] DEBUG FXGLApplication      - Initializing game
17:52:28.058 [FXGL Background Thread 1 ] INFO  FXGLApplication      - Game initialization took: 0.024 sec
17:52:28.171 [JavaFX Application Thread] DEBUG Input                - Clearing active input actions
17:52:28.183 [JavaFX Application Thread] DEBUG GameApplicationServi - Removing overlay from FXGLLoadingScene and adding to GameScene
17:52:28.184 [JavaFX Application Thread] DEBUG PrimaryStageWindow   - FXGLLoadingScene -> GameScene
17:52:28.753 [FXGL Background Thread 2 ] INFO  UpdaterService       - Your current version:  17.2
17:52:28.754 [FXGL Background Thread 2 ] INFO  UpdaterService       - Latest stable version: 17.3
17:52:30.896 [FXGL Background Thread 3 ] DEBUG Engine               - Logging environment variables
17:52:30.898 [FXGL Background Thread 3 ] DEBUG Engine               - achievements: []
17:52:30.898 [FXGL Background Thread 3 ] DEBUG Engine               - actualHeight: 600.0
17:52:30.899 [FXGL Background Thread 3 ] DEBUG Engine               - actualHeightProperty: ReadOnlyDoubleProperty [value: 608.0]
17:52:30.899 [FXGL Background Thread 3 ] DEBUG Engine               - actualWidth: 800.0
17:52:30.899 [FXGL Background Thread 3 ] DEBUG Engine               - actualWidthProperty: ReadOnlyDoubleProperty [value: 798.0]
17:52:30.899 [FXGL Background Thread 3 ] DEBUG Engine               - appIcon: fxgl_icon.png
17:52:30.899 [FXGL Background Thread 3 ] DEBUG Engine               - applicationMode: DEVELOPER
17:52:30.900 [FXGL Background Thread 3 ] DEBUG Engine               - cSSList: [fxgl_dark.css]
17:52:30.900 [FXGL Background Thread 3 ] DEBUG Engine               - collisionDetectionStrategy: BRUTE_FORCE
17:52:30.900 [FXGL Background Thread 3 ] DEBUG Engine               - configClass: Optional.empty
17:52:30.900 [FXGL Background Thread 3 ] DEBUG Engine               - credits: []
17:52:30.901 [FXGL Background Thread 3 ] DEBUG Engine               - defaultCursor: CursorInfo(imageName=fxgl_default_cursor.png, hotspotX=7.0, hotspotY=6.0)
17:52:30.901 [FXGL Background Thread 3 ] DEBUG Engine               - devBBoxColorProperty: ObjectProperty [value: 0xff0000ff]
17:52:30.902 [FXGL Background Thread 3 ] DEBUG Engine               - devEnableDebugCameraProperty: BooleanProperty [value: false]
17:52:30.902 [FXGL Background Thread 3 ] DEBUG Engine               - devSensorColorProperty: ObjectProperty [value: 0xffff00ff]
17:52:30.902 [FXGL Background Thread 3 ] DEBUG Engine               - devShowBBoxProperty: BooleanProperty [value: false]
17:52:30.902 [FXGL Background Thread 3 ] DEBUG Engine               - devShowPositionProperty: BooleanProperty [value: false]
17:52:30.902 [FXGL Background Thread 3 ] DEBUG Engine               - enabledMenuItems: []
17:52:30.902 [FXGL Background Thread 3 ] DEBUG Engine               - engineServices: [class com.almasb.fxgl.app.services.FXGLAssetLoaderService, class com.almasb.fxgl.app.FXGLApplication$GameApplicationService, class com.almasb.fxgl.app.services.FXGLDialogService, class com.almasb.fxgl.app.services.IOTaskExecutorService, class com.almasb.fxgl.io.FileSystemService, class com.almasb.fxgl.localization.LocalizationService, class com.almasb.fxgl.app.services.SystemBundleService, class com.almasb.fxgl.profile.SaveLoadService, class com.almasb.fxgl.ui.FXGLUIFactoryServiceProvider, class com.almasb.fxgl.ui.FXGLDialogFactoryServiceProvider, class com.almasb.fxgl.audio.AudioPlayer, class com.almasb.fxgl.notification.impl.NotificationServiceProvider, class com.almasb.fxgl.achievement.AchievementService, class com.almasb.fxgl.cutscene.CutsceneService, class com.almasb.fxgl.minigames.MiniGameService, class com.almasb.fxgl.net.NetService, class com.almasb.fxgl.app.services.UpdaterService, class com.almasb.fxgl.dev.DevService]
17:52:30.903 [FXGL Background Thread 3 ] DEBUG Engine               - fontGame: Abel-Regular.ttf
17:52:30.903 [FXGL Background Thread 3 ] DEBUG Engine               - fontMono: TerminalLandMono-Regular.otf
17:52:30.903 [FXGL Background Thread 3 ] DEBUG Engine               - fontText: Courier-Prime.ttf
17:52:30.903 [FXGL Background Thread 3 ] DEBUG Engine               - fontUI: VarelaRound-Regular.ttf
17:52:30.903 [FXGL Background Thread 3 ] DEBUG Engine               - fullScreen: BooleanProperty [value: false]
17:52:30.903 [FXGL Background Thread 3 ] DEBUG Engine               - gameDifficulty: MEDIUM
17:52:30.903 [FXGL Background Thread 3 ] DEBUG Engine               - gameDifficultyProperty: ObjectProperty [value: MEDIUM]
17:52:30.904 [FXGL Background Thread 3 ] DEBUG Engine               - globalMusicVolume: 0.5
17:52:30.904 [FXGL Background Thread 3 ] DEBUG Engine               - globalMusicVolumeProperty: DoubleProperty [value: 0.5]
17:52:30.904 [FXGL Background Thread 3 ] DEBUG Engine               - globalSoundVolume: 0.5
17:52:30.904 [FXGL Background Thread 3 ] DEBUG Engine               - globalSoundVolumeProperty: DoubleProperty [value: 0.5]
17:52:30.904 [FXGL Background Thread 3 ] DEBUG Engine               - height: 600
17:52:30.904 [FXGL Background Thread 3 ] DEBUG Engine               - is3D: false
17:52:30.904 [FXGL Background Thread 3 ] DEBUG Engine               - isAndroid: false
17:52:30.905 [FXGL Background Thread 3 ] DEBUG Engine               - isBrowser: false
17:52:30.905 [FXGL Background Thread 3 ] DEBUG Engine               - isClickFeedbackEnabled: false
17:52:30.905 [FXGL Background Thread 3 ] DEBUG Engine               - isCloseConfirmation: false
17:52:30.905 [FXGL Background Thread 3 ] DEBUG Engine               - isDesktop: true
17:52:30.905 [FXGL Background Thread 3 ] DEBUG Engine               - isDeveloperMenuEnabled: false
17:52:30.905 [FXGL Background Thread 3 ] DEBUG Engine               - isEmbedded: false
17:52:30.905 [FXGL Background Thread 3 ] DEBUG Engine               - isEntityPreloadEnabled: true
17:52:30.905 [FXGL Background Thread 3 ] DEBUG Engine               - isExperimentalTiledLargeMap: false
17:52:30.906 [FXGL Background Thread 3 ] DEBUG Engine               - isFileSystemWriteAllowed: true
17:52:30.906 [FXGL Background Thread 3 ] DEBUG Engine               - isFullScreenAllowed: false
17:52:30.906 [FXGL Background Thread 3 ] DEBUG Engine               - isFullScreenFromStart: false
17:52:30.906 [FXGL Background Thread 3 ] DEBUG Engine               - isGameMenuEnabled: true
17:52:30.906 [FXGL Background Thread 3 ] DEBUG Engine               - isIOS: false
17:52:30.906 [FXGL Background Thread 3 ] DEBUG Engine               - isIntroEnabled: false
17:52:30.906 [FXGL Background Thread 3 ] DEBUG Engine               - isLinux: true
17:52:30.906 [FXGL Background Thread 3 ] DEBUG Engine               - isMac: false
17:52:30.906 [FXGL Background Thread 3 ] DEBUG Engine               - isMainMenuEnabled: false
17:52:30.907 [FXGL Background Thread 3 ] DEBUG Engine               - isManualResizeEnabled: false
17:52:30.907 [FXGL Background Thread 3 ] DEBUG Engine               - isMobile: false
17:52:30.907 [FXGL Background Thread 3 ] DEBUG Engine               - isNative: false
17:52:30.907 [FXGL Background Thread 3 ] DEBUG Engine               - isPauseMusicWhenMinimized: true
17:52:30.907 [FXGL Background Thread 3 ] DEBUG Engine               - isPreserveResizeRatio: false
17:52:30.908 [FXGL Background Thread 3 ] DEBUG Engine               - isProfilingEnabled: false
17:52:30.908 [FXGL Background Thread 3 ] DEBUG Engine               - isScaleAffectedOnResize: true
17:52:30.908 [FXGL Background Thread 3 ] DEBUG Engine               - isSingleStep: false
17:52:30.908 [FXGL Background Thread 3 ] DEBUG Engine               - isUserProfileEnabled: false
17:52:30.908 [FXGL Background Thread 3 ] DEBUG Engine               - isWindows: false
17:52:30.908 [FXGL Background Thread 3 ] DEBUG Engine               - language: ObjectProperty [value: ENGLISH]
17:52:30.908 [FXGL Background Thread 3 ] DEBUG Engine               - menuKey: ESCAPE
17:52:30.909 [FXGL Background Thread 3 ] DEBUG Engine               - mouseSensitivity: 0.2
17:52:30.909 [FXGL Background Thread 3 ] DEBUG Engine               - notificationViewClass: class com.almasb.fxgl.notification.view.XboxNotificationView
17:52:30.909 [FXGL Background Thread 3 ] DEBUG Engine               - pixelsPerMeter: 50.0
17:52:30.909 [FXGL Background Thread 3 ] DEBUG Engine               - platform: LINUX
17:52:30.909 [FXGL Background Thread 3 ] DEBUG Engine               - prefHeightProperty: ReadOnlyDoubleProperty [value: 600.0]
17:52:30.909 [FXGL Background Thread 3 ] DEBUG Engine               - prefWidthProperty: ReadOnlyDoubleProperty [value: 800.0]
17:52:30.909 [FXGL Background Thread 3 ] DEBUG Engine               - profileDir: profiles/
17:52:30.909 [FXGL Background Thread 3 ] DEBUG Engine               - profileName: StringProperty [value: DEFAULT]
17:52:30.910 [FXGL Background Thread 3 ] DEBUG Engine               - randomSeed: -1
17:52:30.910 [FXGL Background Thread 3 ] DEBUG Engine               - runtimeInfo: RuntimeInfo(platform=LINUX, version=17.2, build=20.08.2022 16.50)
17:52:30.910 [FXGL Background Thread 3 ] DEBUG Engine               - saveFileExt: sav
17:52:30.910 [FXGL Background Thread 3 ] DEBUG Engine               - scaledHeightProp$fxgl: DoubleProperty [bound, value: 608.0]
17:52:30.910 [FXGL Background Thread 3 ] DEBUG Engine               - scaledWidthProp$fxgl: DoubleProperty [bound, value: 798.0]
17:52:30.911 [FXGL Background Thread 3 ] DEBUG Engine               - sceneFactory: com.almasb.fxgl.app.scene.SceneFactory@2ee8df44
17:52:30.911 [FXGL Background Thread 3 ] DEBUG Engine               - secondsIn24h: 60
17:52:30.911 [FXGL Background Thread 3 ] DEBUG Engine               - soundMenuBack: menu/back.wav
17:52:30.911 [FXGL Background Thread 3 ] DEBUG Engine               - soundMenuPress: menu/press.wav
17:52:30.911 [FXGL Background Thread 3 ] DEBUG Engine               - soundMenuSelect: menu/select.wav
17:52:30.911 [FXGL Background Thread 3 ] DEBUG Engine               - soundNotification: core/notification.wav
17:52:30.911 [FXGL Background Thread 3 ] DEBUG Engine               - stageStyle: DECORATED
17:52:30.911 [FXGL Background Thread 3 ] DEBUG Engine               - supportedLanguages: [ENGLISH, FRENCH, GERMAN, HUNGARIAN, RUSSIAN]
17:52:30.912 [FXGL Background Thread 3 ] DEBUG Engine               - ticksPerSecond: -1
17:52:30.912 [FXGL Background Thread 3 ] DEBUG Engine               - title: Untitled
17:52:30.912 [FXGL Background Thread 3 ] DEBUG Engine               - urlGithub: https://github.com/AlmasB/FXGL
17:52:30.912 [FXGL Background Thread 3 ] DEBUG Engine               - urlLeaderboard: http://fxgl-top.herokuapp.com/
17:52:30.912 [FXGL Background Thread 3 ] DEBUG Engine               - urlPOM: https://raw.githubusercontent.com/AlmasB/FXGL/release/README.md
17:52:30.912 [FXGL Background Thread 3 ] DEBUG Engine               - userAppClass: class mcboulderdash.BoulderDashApp
17:52:30.912 [FXGL Background Thread 3 ] DEBUG Engine               - version: 0.0
17:52:30.912 [FXGL Background Thread 3 ] DEBUG Engine               - versionCheckDays: 7
17:52:30.912 [FXGL Background Thread 3 ] DEBUG Engine               - width: 800
17:52:30.913 [FXGL Background Thread 3 ] DEBUG Engine               - Logging services
17:52:30.913 [FXGL Background Thread 3 ] DEBUG Engine               - class com.almasb.fxgl.app.services.FXGLAssetLoaderService
17:52:30.913 [FXGL Background Thread 3 ] DEBUG Engine               - class com.almasb.fxgl.app.FXGLApplication$GameApplicationService
17:52:30.913 [FXGL Background Thread 3 ] DEBUG Engine               - class com.almasb.fxgl.app.services.FXGLDialogService
17:52:30.913 [FXGL Background Thread 3 ] DEBUG Engine               - class com.almasb.fxgl.app.services.IOTaskExecutorService
17:52:30.913 [FXGL Background Thread 3 ] DEBUG Engine               - class com.almasb.fxgl.io.FileSystemService
17:52:30.913 [FXGL Background Thread 3 ] DEBUG Engine               - class com.almasb.fxgl.localization.LocalizationService
17:52:30.914 [FXGL Background Thread 3 ] DEBUG Engine               - class com.almasb.fxgl.app.services.SystemBundleService
17:52:30.914 [FXGL Background Thread 3 ] DEBUG Engine               - class com.almasb.fxgl.profile.SaveLoadService
17:52:30.914 [FXGL Background Thread 3 ] DEBUG Engine               - class com.almasb.fxgl.ui.FXGLUIFactoryServiceProvider
17:52:30.914 [FXGL Background Thread 3 ] DEBUG Engine               - class com.almasb.fxgl.ui.FXGLDialogFactoryServiceProvider
17:52:30.914 [FXGL Background Thread 3 ] DEBUG Engine               - class com.almasb.fxgl.audio.AudioPlayer
17:52:30.914 [FXGL Background Thread 3 ] DEBUG Engine               - class com.almasb.fxgl.notification.impl.NotificationServiceProvider
17:52:30.914 [FXGL Background Thread 3 ] DEBUG Engine               - class com.almasb.fxgl.achievement.AchievementService
17:52:30.915 [FXGL Background Thread 3 ] DEBUG Engine               - class com.almasb.fxgl.cutscene.CutsceneService
17:52:30.915 [FXGL Background Thread 3 ] DEBUG Engine               - class com.almasb.fxgl.minigames.MiniGameService
17:52:30.915 [FXGL Background Thread 3 ] DEBUG Engine               - class com.almasb.fxgl.net.NetService
17:52:30.915 [FXGL Background Thread 3 ] DEBUG Engine               - class com.almasb.fxgl.app.services.UpdaterService
17:52:30.915 [FXGL Background Thread 3 ] DEBUG Engine               - class com.almasb.fxgl.dev.DevService
17:52:32.711 [JavaFX Application Thread] DEBUG FXGLApplication      - Exiting FXGL
17:52:32.712 [JavaFX Application Thread] DEBUG LoopRunner           - Stopping loop
17:52:32.712 [JavaFX Application Thread] DEBUG SystemBundleService  - Saving FXGL system data
17:52:32.715 [JavaFX Application Thread] DEBUG FileSystemAccess     - Writing to: /home/katussska/Private/github/MCBoulder-Dash/system/fxgl.bundle
17:52:32.717 [JavaFX Application Thread] DEBUG Async                - Shutting down background threads
17:52:32.718 [JavaFX Application Thread] DEBUG PrimaryStageWindow   - Closing main window
17:52:32.721 [JavaFX Application Thread] DEBUG Logger               - Closing Logger
